<?xml version="1.0" encoding="UTF-8"?>
<!-- Generated by org.testng.reporters.JUnitReportReporter -->
<testsuite hostname="DESKTOP-IV8TLKR" failures="0" tests="1" name="test_ng_tasks.paralleltest1" time="14.506" errors="0" timestamp="2025-08-19T09:41:16 IST" skipped="0">
  <testcase classname="test_ng_tasks.paralleltest1" name="f" time="14.506"/>
</testsuite> <!-- test_ng_tasks.paralleltest1 -->
