<?xml version="1.0" encoding="UTF-8"?>
<!-- Generated by org.testng.reporters.JUnitReportReporter -->
<testsuite hostname="DESKTOP-IV8TLKR" failures="0" tests="2" name="test_ng_tasks.selenium_lab16" time="18.674" errors="0" timestamp="2025-08-22T17:35:57 IST" skipped="0">
  <testcase classname="test_ng_tasks.selenium_lab16" name="f" time="7.763"/>
  <testcase classname="test_ng_tasks.selenium_lab16" name="f" time="10.911"/>
</testsuite> <!-- test_ng_tasks.selenium_lab16 -->
