<?xml version="1.0" encoding="UTF-8"?>
<!-- Generated by org.testng.reporters.JUnitReportReporter -->
<testsuite hostname="DESKTOP-IV8TLKR" failures="0" tests="3" name="com.orangehrm.tests.LoginOrangeHRM" time="38.229" errors="0" timestamp="2025-08-25T09:35:58 IST" skipped="0">
  <testcase classname="com.orangehrm.tests.LoginOrangeHRM" name="verifylogin" time="16.826"/>
  <testcase classname="com.orangehrm.tests.LoginOrangeHRM" name="verifylogin" time="10.345"/>
  <testcase classname="com.orangehrm.tests.LoginOrangeHRM" name="verifylogin" time="11.058"/>
</testsuite> <!-- com.orangehrm.tests.LoginOrangeHRM -->
