<?xml version="1.0" encoding="UTF-8"?>
<!-- Generated by org.testng.reporters.JUnitReportReporter -->
<testsuite hostname="DESKTOP-IV8TLKR" failures="0" tests="1" name="questions.Q9" time="0.400" errors="0" timestamp="2025-08-26T14:58:56 IST" skipped="0">
  <testcase classname="questions.Q9" name="f" time="0.400"/>
</testsuite> <!-- questions.Q9 -->
