<?xml version="1.0" encoding="UTF-8"?>
<!-- Generated by org.testng.reporters.JUnitReportReporter -->
<testsuite hostname="DESKTOP-IV8TLKR" failures="0" tests="1" name="jenkins_test.jenkinsjob" time="9.778" errors="0" timestamp="2025-08-26T17:09:21 IST" skipped="0">
  <testcase classname="jenkins_test.jenkinsjob" name="jenkin" time="9.778"/>
</testsuite> <!-- jenkins_test.jenkinsjob -->
