<?xml version="1.0" encoding="UTF-8"?>
<!-- Generated by org.testng.reporters.JUnitReportReporter -->
<testsuite hostname="DESKTOP-IV8TLKR" failures="0" tests="1" name="jenkins_test.Jenkins_run" time="10.007" errors="0" timestamp="2025-08-26T17:45:19 IST" skipped="0">
  <testcase classname="jenkins_test.Jenkins_run" name="f" time="10.007"/>
</testsuite> <!-- jenkins_test.Jenkins_run -->
