<?xml version="1.0" encoding="UTF-8"?>
<!-- Generated by org.testng.reporters.JUnitReportReporter -->
<testsuite hostname="DESKTOP-IV8TLKR" failures="0" tests="1" name="questions.Q6" time="0.169" errors="0" timestamp="2025-08-26T14:01:24 IST" skipped="0">
  <testcase classname="questions.Q6" name="f" time="0.169"/>
</testsuite> <!-- questions.Q6 -->
