<?xml version="1.0" encoding="UTF-8"?>
<!-- Generated by org.testng.reporters.JUnitReportReporter -->
<testsuite hostname="DESKTOP-IV8TLKR" failures="0" tests="1" name="questions.Q2" time="1.558" errors="0" timestamp="2025-08-26T11:41:45 IST" skipped="0">
  <testcase classname="questions.Q2" name="f" time="1.558"/>
</testsuite> <!-- questions.Q2 -->
