<?xml version="1.0" encoding="UTF-8"?>
<!-- Generated by org.testng.reporters.JUnitReportReporter -->
<testsuite hostname="DESKTOP-IV8TLKR" failures="0" tests="1" name="test_ng_tasks.Extend_report" time="15.589" errors="0" timestamp="2025-08-20T16:41:22 IST" skipped="0">
  <testcase classname="test_ng_tasks.Extend_report" name="f" time="15.589"/>
</testsuite> <!-- test_ng_tasks.Extend_report -->
