<?xml version="1.0" encoding="UTF-8"?>
<!-- Generated by org.testng.reporters.JUnitReportReporter -->
<testsuite hostname="DESKTOP-IV8TLKR" failures="0" tests="3" name="test_ng_tasks.exceldata_access" time="32.049" errors="0" timestamp="2025-08-20T14:57:44 IST" skipped="0">
  <testcase classname="test_ng_tasks.exceldata_access" name="f" time="7.299"/>
  <testcase classname="test_ng_tasks.exceldata_access" name="f" time="15.433"/>
  <testcase classname="test_ng_tasks.exceldata_access" name="f" time="9.317"/>
</testsuite> <!-- test_ng_tasks.exceldata_access -->
