<?xml version="1.0" encoding="UTF-8"?>
<!-- Generated by org.testng.reporters.JUnitReportReporter -->
<testsuite hostname="DESKTOP-IV8TLKR" failures="0" tests="2" name="selenium_ide.Lab4Test" time="22.329" errors="0" timestamp="2025-08-19T11:30:35 IST" skipped="0">
  <testcase classname="selenium_ide.Lab4Test" name="lab4" time="10.614"/>
  <testcase classname="selenium_ide.Lab4Test" name="lab4" time="11.715"/>
</testsuite> <!-- selenium_ide.Lab4Test -->
