<?xml version="1.0" encoding="UTF-8"?>
<!-- Generated by org.testng.reporters.JUnitReportReporter -->
<testsuite hostname="DESKTOP-IV8TLKR" failures="0" tests="2" name="test_ng_tasks.main_code_for_repository" time="20.019" errors="0" timestamp="2025-08-20T09:56:48 IST" skipped="0">
  <testcase classname="test_ng_tasks.main_code_for_repository" name="f" time="11.298"/>
  <testcase classname="test_ng_tasks.main_code_for_repository" name="f" time="8.721"/>
</testsuite> <!-- test_ng_tasks.main_code_for_repository -->
