<?xml version="1.0" encoding="UTF-8"?>
<!-- Generated by org.testng.reporters.JUnitReportReporter -->
<testsuite hostname="DESKTOP-IV8TLKR" failures="0" tests="1" name="questions.Q5" time="3.208" errors="0" timestamp="2025-08-26T13:13:45 IST" skipped="0">
  <testcase classname="questions.Q5" name="f" time="3.208"/>
</testsuite> <!-- questions.Q5 -->
