<?xml version="1.0" encoding="UTF-8"?>
<!-- Generated by org.testng.reporters.JUnitReportReporter -->
<testsuite hostname="DESKTOP-IV8TLKR" failures="0" tests="2" name="selenium_ide.Lab23Test" time="21.409" errors="0" timestamp="2025-08-19T11:30:35 IST" skipped="0">
  <testcase classname="selenium_ide.Lab23Test" name="lab23" time="10.404"/>
  <testcase classname="selenium_ide.Lab23Test" name="lab23" time="11.005"/>
</testsuite> <!-- selenium_ide.Lab23Test -->
