<?xml version="1.0" encoding="UTF-8"?>
<!-- Generated by org.testng.reporters.JUnitReportReporter -->
<testsuite hostname="DESKTOP-IV8TLKR" failures="0" tests="2" name="test_ng_tasks.selenium_lab13" time="19.663" errors="0" timestamp="2025-08-22T17:11:13 IST" skipped="0">
  <testcase classname="test_ng_tasks.selenium_lab13" name="f" time="6.900"/>
  <testcase classname="test_ng_tasks.selenium_lab13" name="f" time="12.763"/>
</testsuite> <!-- test_ng_tasks.selenium_lab13 -->
