<?xml version="1.0" encoding="UTF-8"?>
<!-- Generated by org.testng.reporters.JUnitReportReporter -->
<testsuite hostname="DESKTOP-IV8TLKR" failures="0" tests="1" name="questions.Q4" time="0.982" errors="0" timestamp="2025-08-26T12:55:56 IST" skipped="0">
  <testcase classname="questions.Q4" name="f" time="0.982"/>
</testsuite> <!-- questions.Q4 -->
