<?xml version="1.0" encoding="UTF-8"?>
<!-- Generated by org.testng.reporters.JUnitReportReporter -->
<testsuite hostname="DESKTOP-IV8TLKR" failures="0" tests="1" name="lab11_selenium.Lab4Test" time="11.189" errors="0" timestamp="2025-08-20T11:43:14 IST" skipped="0">
  <testcase classname="lab11_selenium.Lab4Test" name="lab4" time="11.189"/>
</testsuite> <!-- lab11_selenium.Lab4Test -->
