<?xml version="1.0" encoding="UTF-8"?>
<!-- Generated by org.testng.reporters.JUnitReportReporter -->
<testsuite hostname="DESKTOP-IV8TLKR" failures="0" tests="1" name="test_ng_tasks.selenium_lab15" time="11.962" errors="0" timestamp="2025-08-22T11:25:59 IST" skipped="0">
  <testcase classname="test_ng_tasks.selenium_lab15" name="f" time="11.962"/>
</testsuite> <!-- test_ng_tasks.selenium_lab15 -->
