<?xml version="1.0" encoding="UTF-8"?>
<!-- Generated by org.testng.reporters.JUnitReportReporter -->
<testsuite hostname="DESKTOP-IV8TLKR" failures="0" tests="1" name="webdriver.lab_12" time="12.210" errors="0" timestamp="2025-08-21T16:43:07 IST" skipped="0">
  <testcase classname="webdriver.lab_12" name="f" time="12.210"/>
</testsuite> <!-- webdriver.lab_12 -->
