<?xml version="1.0" encoding="UTF-8"?>
<!-- Generated by org.testng.reporters.JUnitReportReporter -->
<testsuite hostname="DESKTOP-IV8TLKR" failures="0" tests="1" name="test_ng_tasks.login_with_properties" time="19.881" errors="0" timestamp="2025-08-21T15:20:52 IST" skipped="0">
  <testcase classname="test_ng_tasks.login_with_properties" name="f" time="19.881"/>
</testsuite> <!-- test_ng_tasks.login_with_properties -->
