<?xml version="1.0" encoding="UTF-8"?>
<!-- Generated by org.testng.reporters.JUnitReportReporter -->
<testsuite hostname="DESKTOP-IV8TLKR" failures="0" tests="1" name="test_ng_tasks.Selenium_lab14" time="10.659" errors="0" timestamp="2025-08-22T10:44:53 IST" skipped="0">
  <testcase classname="test_ng_tasks.Selenium_lab14" name="f" time="10.659"/>
</testsuite> <!-- test_ng_tasks.Selenium_lab14 -->
