<?xml version="1.0" encoding="UTF-8"?>
<!-- Generated by org.testng.reporters.JUnitReportReporter -->
<testsuite hostname="DESKTOP-IV8TLKR" failures="0" tests="3" name="test_ng_tasks.browsertest" time="44.590" errors="0" timestamp="2025-08-19T10:15:57 IST" skipped="0">
  <testcase classname="test_ng_tasks.browsertest" name="f" time="21.457"/>
  <testcase classname="test_ng_tasks.browsertest" name="f" time="12.418"/>
  <testcase classname="test_ng_tasks.browsertest" name="f" time="10.715"/>
</testsuite> <!-- test_ng_tasks.browsertest -->
