<?xml version="1.0" encoding="UTF-8"?>
<!-- Generated by org.testng.reporters.JUnitReportReporter -->
<testsuite hostname="DESKTOP-IV8TLKR" failures="0" tests="1" name="questions.Q1" time="0.022" errors="0" timestamp="2025-08-26T10:56:18 IST" skipped="0">
  <testcase classname="questions.Q1" name="f" time="0.022"/>
</testsuite> <!-- questions.Q1 -->
