<?xml version="1.0" encoding="UTF-8"?>
<!-- Generated by org.testng.reporters.JUnitReportReporter -->
<testsuite hostname="DESKTOP-IV8TLKR" failures="0" tests="1" name="questions.Q3" time="5.642" errors="0" timestamp="2025-08-26T12:37:19 IST" skipped="0">
  <testcase classname="questions.Q3" name="f" time="5.642"/>
</testsuite> <!-- questions.Q3 -->
