<?xml version="1.0" encoding="UTF-8"?>
<!-- Generated by org.testng.reporters.JUnitReportReporter -->
<testsuite hostname="DESKTOP-IV8TLKR" failures="0" tests="2" name="webdriver.window_testng" time="24.572" errors="0" timestamp="2025-08-18T11:52:53 IST" skipped="0">
  <testcase classname="webdriver.window_testng" name="f" time="13.823"/>
  <testcase classname="webdriver.window_testng" name="f" time="10.749"/>
</testsuite> <!-- webdriver.window_testng -->
