<?xml version="1.0" encoding="UTF-8"?>
<!-- Generated by org.testng.reporters.JUnitReportReporter -->
<testsuite hostname="DESKTOP-IV8TLKR" failures="0" tests="1" name="questions.Q8" time="0.635" errors="0" timestamp="2025-08-26T14:50:28 IST" skipped="0">
  <testcase classname="questions.Q8" name="f" time="0.635"/>
</testsuite> <!-- questions.Q8 -->
