<?xml version="1.0" encoding="UTF-8"?>
<!-- Generated by org.testng.reporters.JUnitReportReporter -->
<testsuite hostname="DESKTOP-IV8TLKR" failures="0" tests="1" name="Lab_15.NewTest" time="0.001" errors="0" timestamp="2025-08-22T11:17:10 IST" skipped="0">
  <testcase classname="Lab_15.NewTest" name="f" time="0.001"/>
</testsuite> <!-- Lab_15.NewTest -->
