<?xml version="1.0" encoding="UTF-8"?>
<!-- Generated by org.testng.reporters.JUnitReportReporter -->
<testsuite hostname="DESKTOP-IV8TLKR" failures="0" tests="10" name="com.orangehrm.tests.LoginOrangeHRM" time="9.704" errors="0" timestamp="2025-08-28T17:15:11 IST" skipped="9">
  <testcase classname="com.orangehrm.tests.LoginOrangeHRM" name="q9" time="9.704"/>
  <testcase classname="com.orangehrm.tests.LoginOrangeHRM" name="verifylogin">
    <skipped/>
  </testcase> <!-- verifylogin -->
  <testcase classname="com.orangehrm.tests.LoginOrangeHRM" name="q2">
    <skipped/>
  </testcase> <!-- q2 -->
  <testcase classname="com.orangehrm.tests.LoginOrangeHRM" name="q4">
    <skipped/>
  </testcase> <!-- q4 -->
  <testcase classname="com.orangehrm.tests.LoginOrangeHRM" name="q3">
    <skipped/>
  </testcase> <!-- q3 -->
  <testcase classname="com.orangehrm.tests.LoginOrangeHRM" name="q6">
    <skipped/>
  </testcase> <!-- q6 -->
  <testcase classname="com.orangehrm.tests.LoginOrangeHRM" name="question1_google">
    <skipped/>
  </testcase> <!-- question1_google -->
  <testcase classname="com.orangehrm.tests.LoginOrangeHRM" name="q5">
    <skipped/>
  </testcase> <!-- q5 -->
  <testcase classname="com.orangehrm.tests.LoginOrangeHRM" name="q8">
    <skipped/>
  </testcase> <!-- q8 -->
  <testcase classname="com.orangehrm.tests.LoginOrangeHRM" name="q7">
    <skipped/>
  </testcase> <!-- q7 -->
</testsuite> <!-- com.orangehrm.tests.LoginOrangeHRM -->
