<?xml version="1.0" encoding="UTF-8"?>
<!-- Generated by org.testng.reporters.JUnitReportReporter -->
<testsuite hostname="DESKTOP-IV8TLKR" failures="0" tests="1" name="jenkins_test.Jenkins_run" time="12.173" errors="0" timestamp="2025-08-26T18:09:57 IST" skipped="0">
  <testcase classname="jenkins_test.Jenkins_run" name="f" time="12.173"/>
</testsuite> <!-- jenkins_test.Jenkins_run -->
